Determining if the pthread_create exist failed with the following output:
Change Dir: /home/jarvis/ROS_jarvis/rosbuildFiles/faceRecogROS/build/CMakeFiles/CMakeTmp

Run Build Command:/usr/bin/make "cmTryCompileExec2337424589/fast"
make[1]: Entering directory `/home/jarvis/ROS_jarvis/rosbuildFiles/faceRecogROS/build/CMakeFiles/CMakeTmp'
/usr/bin/make -f CMakeFiles/cmTryCompileExec2337424589.dir/build.make CMakeFiles/cmTryCompileExec2337424589.dir/build
make[2]: Entering directory `/home/jarvis/ROS_jarvis/rosbuildFiles/faceRecogROS/build/CMakeFiles/CMakeTmp'
/usr/bin/cmake -E cmake_progress_report /home/jarvis/ROS_jarvis/rosbuildFiles/faceRecogROS/build/CMakeFiles/CMakeTmp/CMakeFiles 1
Building C object CMakeFiles/cmTryCompileExec2337424589.dir/CheckSymbolExists.c.o
/usr/bin/gcc    -o CMakeFiles/cmTryCompileExec2337424589.dir/CheckSymbolExists.c.o   -c /home/jarvis/ROS_jarvis/rosbuildFiles/faceRecogROS/build/CMakeFiles/CMakeTmp/CheckSymbolExists.c
Linking C executable cmTryCompileExec2337424589
/usr/bin/cmake -E cmake_link_script CMakeFiles/cmTryCompileExec2337424589.dir/link.txt --verbose=1
/usr/bin/gcc         CMakeFiles/cmTryCompileExec2337424589.dir/CheckSymbolExists.c.o  -o cmTryCompileExec2337424589 -rdynamic 
CMakeFiles/cmTryCompileExec2337424589.dir/CheckSymbolExists.c.o: In function `main':
CheckSymbolExists.c:(.text+0x16): undefined reference to `pthread_create'
collect2: error: ld returned 1 exit status
make[2]: *** [cmTryCompileExec2337424589] Error 1
make[2]: Leaving directory `/home/jarvis/ROS_jarvis/rosbuildFiles/faceRecogROS/build/CMakeFiles/CMakeTmp'
make[1]: *** [cmTryCompileExec2337424589/fast] Error 2
make[1]: Leaving directory `/home/jarvis/ROS_jarvis/rosbuildFiles/faceRecogROS/build/CMakeFiles/CMakeTmp'

File /home/jarvis/ROS_jarvis/rosbuildFiles/faceRecogROS/build/CMakeFiles/CMakeTmp/CheckSymbolExists.c:
/* */
#include <pthread.h>

int main(int argc, char** argv)
{
  (void)argv;
#ifndef pthread_create
  return ((int*)(&pthread_create))[argc];
#else
  (void)argc;
  return 0;
#endif
}

Determining if the function pthread_create exists in the pthreads failed with the following output:
Change Dir: /home/jarvis/ROS_jarvis/rosbuildFiles/faceRecogROS/build/CMakeFiles/CMakeTmp

Run Build Command:/usr/bin/make "cmTryCompileExec2660072335/fast"
make[1]: Entering directory `/home/jarvis/ROS_jarvis/rosbuildFiles/faceRecogROS/build/CMakeFiles/CMakeTmp'
/usr/bin/make -f CMakeFiles/cmTryCompileExec2660072335.dir/build.make CMakeFiles/cmTryCompileExec2660072335.dir/build
make[2]: Entering directory `/home/jarvis/ROS_jarvis/rosbuildFiles/faceRecogROS/build/CMakeFiles/CMakeTmp'
/usr/bin/cmake -E cmake_progress_report /home/jarvis/ROS_jarvis/rosbuildFiles/faceRecogROS/build/CMakeFiles/CMakeTmp/CMakeFiles 1
Building C object CMakeFiles/cmTryCompileExec2660072335.dir/CheckFunctionExists.c.o
/usr/bin/gcc   -DCHECK_FUNCTION_EXISTS=pthread_create   -o CMakeFiles/cmTryCompileExec2660072335.dir/CheckFunctionExists.c.o   -c /usr/share/cmake-2.8/Modules/CheckFunctionExists.c
Linking C executable cmTryCompileExec2660072335
/usr/bin/cmake -E cmake_link_script CMakeFiles/cmTryCompileExec2660072335.dir/link.txt --verbose=1
/usr/bin/gcc     -DCHECK_FUNCTION_EXISTS=pthread_create    CMakeFiles/cmTryCompileExec2660072335.dir/CheckFunctionExists.c.o  -o cmTryCompileExec2660072335 -rdynamic -lpthreads 
/usr/bin/ld: cannot find -lpthreads
collect2: error: ld returned 1 exit status
make[2]: *** [cmTryCompileExec2660072335] Error 1
make[2]: Leaving directory `/home/jarvis/ROS_jarvis/rosbuildFiles/faceRecogROS/build/CMakeFiles/CMakeTmp'
make[1]: *** [cmTryCompileExec2660072335/fast] Error 2
make[1]: Leaving directory `/home/jarvis/ROS_jarvis/rosbuildFiles/faceRecogROS/build/CMakeFiles/CMakeTmp'


